
                                      ARENA Simulation Results
                                      hello - License: STUDENT

                                  Summary for Replication 1 of 1

Project: Airport Security Analysis                                   Run execution date : 6/20/2023
Analyst: Rockwell Automation                                         Model revision date: 6/20/2023

Replication ended at time      : 720.0 Minutes 
Base Time Units: Minutes

                                           TALLY VARIABLES

Identifier                                  Average   Half Width  Minimum    Maximum   Observations
___________________________________________________________________________________________________

Xray Baggage Check.WaitCostPerEntity        .00000     (Insuf)    .00000     .00000        141    
Additional Security Check.VACostPerEntity   .09075     (Insuf)    .00000     .25253          9    
Additional Security Check.TotalCostPerEnti  .09075     (Insuf)    .00000     .25253          9    
Additional Security Check.TotalTimePerEnti  6.1466     (Insuf)    .00000     15.151          9    
Xray Baggage Check.TotalCostPerEntity       .25953     (Insuf)    .05784     1.5976        141    
Additional Security Check.VATimePerEntity   5.4448     (Insuf)    .00000     15.151          9    
Additional Security Check.WaitCostPerEntit  .00000     (Insuf)    .00000     .00000          9    
Check for Proper Identification.TotalCostP  .06107     (Insuf)    .01549     .31273        144    
Check for Proper Identification.TotalTimeP  3.8964     (Insuf)    .92970     20.762        144    
Additional Security Check.WaitTimePerEntit  .70184     (Insuf)    .00000     2.7078          9    
Check for Proper Identification.WaitTimePe  .23238     (Insuf)    .00000     5.6377        144    
Check for Proper Identification.WaitCostPe  .00000     (Insuf)    .00000     .00000        144    
Check for Proper Identification.VACostPerE  .06107     (Insuf)    .01549     .31273        144    
Xray Baggage Check.VACostPerEntity          .25953     (Insuf)    .05784     1.5976        141    
Xray Baggage Check.VATimePerEntity          7.7858     (Insuf)    1.7352     47.930        141    
Check for Proper Identification.VATimePerE  3.6640     (Insuf)    .92970     18.764        144    
Xray Baggage Check.TotalTimePerEntity       12.271     (Insuf)    1.7352     50.334        141    
Xray Baggage Check.WaitTimePerEntity        4.4861     (Insuf)    .00000     30.234        141    
Entity 1.VATime                             11.680     (Insuf)    1.6010     61.723        143    
Entity 1.NVATime                            .00000     (Insuf)    .00000     .00000        143    
Entity 1.WaitTime                           4.7015     (Insuf)    .00000     34.110        143    
Entity 1.TranTime                           .00000     (Insuf)    .00000     .00000        143    
Entity 1.OtherTime                          .00000     (Insuf)    .00000     .00000        143    
Entity 1.TotalTime                          16.382     (Insuf)    1.6010     64.128        143    
Entity 1.VACost                             .32262     (Insuf)    .02668     1.8275        143    
Entity 1.NVACost                            .00000     (Insuf)    .00000     .00000        143    
Entity 1.WaitCost                           .00000     (Insuf)    .00000     .00000        143    
Entity 1.TranCost                           .00000     (Insuf)    .00000     .00000        143    
Entity 1.OtherCost                          .00000     (Insuf)    .00000     .00000        143    
Entity 1.TotalCost                          .32262     (Insuf)    .02668     1.8275        143    
Additional Security Check.Queue.WaitingTim  .70184     (Insuf)    .00000     2.7078          9    
Additional Security Check.Queue.WaitingCos  .00000     (Insuf)    .00000     .00000          9    
Xray Baggage Check.Queue.WaitingTime        4.4545     (Insuf)    .00000     30.234        142    
Xray Baggage Check.Queue.WaitingCost        .00000     (Insuf)    .00000     .00000        142    
Check for Proper Identification.Queue.Wait  .23078     (Insuf)    .00000     5.6377        145    
Check for Proper Identification.Queue.Wait  .00000     (Insuf)    .00000     .00000        145    

                                     DISCRETE-CHANGE VARIABLES

Identifier                                  Average   Half Width  Minimum    Maximum   Final Value
___________________________________________________________________________________________________

Entity 1.WIP                                3.2606     (Insuf)    .00000     9.0000     2.0000    
Xray Machine.NumberBusy                     1.5259     (Insuf)    .00000     2.0000     1.0000    
Xray Machine.NumberScheduled                2.0000     (Insuf)    2.0000     2.0000     2.0000    
Xray Machine.Utilization                    .76298     (Insuf)    .00000     1.0000     .50000    
Secondary Screening Kit.NumberBusy          .00000     (Insuf)    .00000     .00000     .00000    
Secondary Screening Kit.NumberScheduled     1.0000     (Insuf)    1.0000     1.0000     1.0000    
Secondary Screening Kit.Utilization         .00000     (Insuf)    .00000     .00000     .00000    
Transportation Security Officer.NumberBusy  2.3268     (Insuf)    .00000     3.0000     2.0000    
Transportation Security Officer.NumberSche  3.0000     (Insuf)    3.0000     3.0000     3.0000    
Transportation Security Officer.Utilizatio  .77561     (Insuf)    .00000     1.0000     .66667    
Additional Security Check.Queue.NumberInQu  .00877     (Insuf)    .00000     1.0000     .00000    
Xray Baggage Check.Queue.NumberInQueue      .87854     (Insuf)    .00000     7.0000     .00000    
Check for Proper Identification.Queue.Numb  .04648     (Insuf)    .00000     2.0000     .00000    

                                             OUTPUTS

Identifier                                   Value
_____________________________________________________________

Xray Baggage Check Total Accum Time         1730.3    
Check for Proper Identification Accum VA C  8.7937    
Xray Baggage Check Number Out               141.00    
Check for Proper Identification Accum VA T  527.62    
Xray Baggage Check Accum Wait Cost          .00000    
Xray Baggage Check Accum Wait Time          632.54    
Check for Proper Identification Number Out  144.00    
Check for Proper Identification Total Accu  8.7937    
Additional Security Check Accum VA Time     49.003    
Additional Security Check Accum VA Cost     .81672    
Additional Security Check Accum Wait Cost   .00000    
Additional Security Check Accum Wait Time   6.3165    
Additional Security Check Total Accum Time  55.319    
Additional Security Check Total Accum Cost  .81672    
Check for Proper Identification Accum Wait  33.463    
Check for Proper Identification Accum Wait  .00000    
Check for Proper Identification Number In   145.00    
Xray Baggage Check Accum VA Time            1097.8    
Check for Proper Identification Total Accu  561.08    
Additional Security Check Number In         9.0000    
Xray Baggage Check Accum VA Cost            36.593    
Additional Security Check Number Out        9.0000    
Xray Baggage Check Total Accum Cost         36.593    
Xray Baggage Check Number In                142.00    
Entity 1.NumberIn                           145.00    
Entity 1.NumberOut                          143.00    
Xray Machine.NumberSeized                   142.00    
Xray Machine.ScheduledUtilization           .76298    
Xray Machine.BusyCost                       18.296    
Xray Machine.IdleCost                       5.6884    
Xray Machine.UsageCost                      .00000    
Secondary Screening Kit.NumberSeized        .00000    
Secondary Screening Kit.ScheduledUtilizati  .00000    
Secondary Screening Kit.BusyCost            .00000    
Secondary Screening Kit.IdleCost            12.000    
Secondary Screening Kit.UsageCost           .00000    
Transportation Security Officer.NumberSeiz  296.00    
Transportation Security Officer.ScheduledU  .77561    
Transportation Security Officer.BusyCost    27.907    
Transportation Security Officer.IdleCost    8.0780    
Transportation Security Officer.UsageCost   .00000    
All Entities.VACost                         46.203    
All Entities.NVACost                        .00000    
All Entities.WaitCost                       .00000    
All Entities.TranCost                       .00000    
All Entities.OtherCost                      .00000    
All Entities.TotalCost                      46.203    
All Resources.BusyCost                      46.203    
All Resources.IdleCost                      25.766    
All Resources.UsageCost                     .00000    
All Resources.TotalCost                     71.970    
System.TotalCost                            71.970    
System.NumberOut                            143.00    


Simulation run time: 0.03 minutes.
Simulation run complete.
