
                                      ARENA Simulation Results
                                      hello - License: STUDENT

                                  Summary for Replication 1 of 50

Project: Airport Security Analysis                                   Run execution date : 6/20/2023
Analyst: Rockwell Automation                                         Model revision date: 6/20/2023

Replication ended at time      : 720.0 Minutes 
Base Time Units: Minutes

                                           TALLY VARIABLES

Identifier                                  Average   Half Width  Minimum    Maximum   Observations
___________________________________________________________________________________________________

Xray Baggage Check.WaitCostPerEntity        .00000     (Insuf)    .00000     .00000        308    
Additional Security Check.VACostPerEntity   .10220     (Insuf)    .06686     .14397         20    
Additional Security Check.TotalCostPerEnti  .10220     (Insuf)    .06686     .14397         20    
Additional Security Check.TotalTimePerEnti  6.4074     (Insuf)    4.0115     10.429         20    
Xray Baggage Check.TotalCostPerEntity       .11960     (Insuf)    .05426     .22130        308    
Additional Security Check.VATimePerEntity   6.1319     (Insuf)    4.0115     8.6382         20    
Additional Security Check.WaitCostPerEntit  .00000     (Insuf)    .00000     .00000         20    
Check for Proper Identification.TotalCostP  .02937     (Insuf)    .01389     .04672        317    
Check for Proper Identification.TotalTimeP  1.9490     (Insuf)    .83338     5.7883        317    
Additional Security Check.WaitTimePerEntit  .27558     (Insuf)    .00000     1.7908         20    
Check for Proper Identification.WaitTimePe  .18665     (Insuf)    .00000     4.1872        317    
Check for Proper Identification.WaitCostPe  .00000     (Insuf)    .00000     .00000        317    
Check for Proper Identification.VACostPerE  .02937     (Insuf)    .01389     .04672        317    
Xray Baggage Check.VACostPerEntity          .11960     (Insuf)    .05426     .22130        308    
Xray Baggage Check.VATimePerEntity          3.5879     (Insuf)    1.6279     6.6390        308    
Check for Proper Identification.VATimePerE  1.7624     (Insuf)    .83338     2.8034        317    
Xray Baggage Check.TotalTimePerEntity       3.9150     (Insuf)    1.6279     8.1748        308    
Xray Baggage Check.WaitTimePerEntity        .32714     (Insuf)    .00000     3.3192        308    
Entity 1.VATime                             5.6572     (Insuf)    1.2139     15.888        315    
Entity 1.NVATime                            .00000     (Insuf)    .00000     .00000        315    
Entity 1.WaitTime                           .52520     (Insuf)    .00000     4.3751        315    
Entity 1.TranTime                           .00000     (Insuf)    .00000     .00000        315    
Entity 1.OtherTime                          .00000     (Insuf)    .00000     .00000        315    
Entity 1.TotalTime                          6.1824     (Insuf)    1.2139     17.679        315    
Entity 1.VACost                             .15276     (Insuf)    .02023     .35831        315    
Entity 1.NVACost                            .00000     (Insuf)    .00000     .00000        315    
Entity 1.WaitCost                           .00000     (Insuf)    .00000     .00000        315    
Entity 1.TranCost                           .00000     (Insuf)    .00000     .00000        315    
Entity 1.OtherCost                          .00000     (Insuf)    .00000     .00000        315    
Entity 1.TotalCost                          .15276     (Insuf)    .02023     .35831        315    
Additional Security Check.Queue.WaitingTim  .27558     (Insuf)    .00000     1.7908         20    
Additional Security Check.Queue.WaitingCos  .00000     (Insuf)    .00000     .00000         20    
Xray Baggage Check.Queue.WaitingTime        .32829     (Insuf)    .00000     3.3192        310    
Xray Baggage Check.Queue.WaitingCost        .00000     (Insuf)    .00000     .00000        310    
Check for Proper Identification.Queue.Wait  .18606     (Insuf)    .00000     4.1872        318    
Check for Proper Identification.Queue.Wait  .00000     (Insuf)    .00000     .00000        318    

                                     DISCRETE-CHANGE VARIABLES

Identifier                                  Average   Half Width  Minimum    Maximum   Final Value
___________________________________________________________________________________________________

Entity 1.WIP                                2.7159     .16791     .00000     6.0000     3.0000    
Xray Machine.NumberBusy                     1.5379     .05584     .00000     2.0000     2.0000    
Xray Machine.NumberScheduled                2.0000     (Insuf)    2.0000     2.0000     2.0000    
Xray Machine.Utilization                    .76897     .02792     .00000     1.0000     1.0000    
Secondary Screening Kit.NumberBusy          .00000     (Insuf)    .00000     .00000     .00000    
Secondary Screening Kit.NumberScheduled     1.0000     (Insuf)    1.0000     1.0000     1.0000    
Secondary Screening Kit.Utilization         .00000     (Insuf)    .00000     .00000     .00000    
Transportation Security Officer.NumberBusy  2.4847     .09573     .00000     3.0000     3.0000    
Transportation Security Officer.NumberSche  3.0000     (Insuf)    3.0000     3.0000     3.0000    
Transportation Security Officer.Utilizatio  .82826     .03191     .00000     1.0000     1.0000    
Additional Security Check.Queue.NumberInQu  .00766     (Insuf)    .00000     1.0000     .00000    
Xray Baggage Check.Queue.NumberInQueue      .14135     (Insuf)    .00000     2.0000     .00000    
Check for Proper Identification.Queue.Numb  .08218     (Insuf)    .00000     2.0000     .00000    

                                             OUTPUTS

Identifier                                   Value
_____________________________________________________________

Xray Baggage Check Total Accum Time         1205.8    
Check for Proper Identification Accum VA C  9.3114    
Xray Baggage Check Number Out               308.00    
Check for Proper Identification Accum VA T  558.68    
Xray Baggage Check Accum Wait Cost          .00000    
Xray Baggage Check Accum Wait Time          100.75    
Check for Proper Identification Number Out  317.00    
Check for Proper Identification Total Accu  9.3114    
Additional Security Check Accum VA Time     122.63    
Additional Security Check Accum VA Cost     2.0439    
Additional Security Check Accum Wait Cost   .00000    
Additional Security Check Accum Wait Time   5.5117    
Additional Security Check Total Accum Time  128.14    
Additional Security Check Total Accum Cost  2.0439    
Check for Proper Identification Accum Wait  59.168    
Check for Proper Identification Accum Wait  .00000    
Check for Proper Identification Number In   318.00    
Xray Baggage Check Accum VA Time            1105.0    
Check for Proper Identification Total Accu  617.85    
Additional Security Check Number In         20.000    
Xray Baggage Check Accum VA Cost            36.836    
Additional Security Check Number Out        20.000    
Xray Baggage Check Total Accum Cost         36.836    
Xray Baggage Check Number In                310.00    
Entity 1.NumberIn                           318.00    
Entity 1.NumberOut                          315.00    
Xray Machine.NumberSeized                   310.00    
Xray Machine.ScheduledUtilization           .76897    
Xray Machine.BusyCost                       18.418    
Xray Machine.IdleCost                       5.5447    
Xray Machine.UsageCost                      .00000    
Secondary Screening Kit.NumberSeized        .00000    
Secondary Screening Kit.ScheduledUtilizati  .00000    
Secondary Screening Kit.BusyCost            .00000    
Secondary Screening Kit.IdleCost            12.000    
Secondary Screening Kit.UsageCost           .00000    
Transportation Security Officer.NumberSeiz  648.00    
Transportation Security Officer.ScheduledU  .82826    
Transportation Security Officer.BusyCost    29.773    
Transportation Security Officer.IdleCost    6.1825    
Transportation Security Officer.UsageCost   .00000    
All Entities.VACost                         48.191    
All Entities.NVACost                        .00000    
All Entities.WaitCost                       .00000    
All Entities.TranCost                       .00000    
All Entities.OtherCost                      .00000    
All Entities.TotalCost                      48.191    
All Resources.BusyCost                      48.191    
All Resources.IdleCost                      23.727    
All Resources.UsageCost                     .00000    
All Resources.TotalCost                     71.918    
System.TotalCost                            71.918    
System.NumberOut                            315.00    

Beginning replication 2 of 50
SIMAN Run Controller.

560.69 Minutes>
                                      ARENA Simulation Results
                                      hello - License: STUDENT

                                  Summary for Replication 2 of 50

Project: Airport Security Analysis                                   Run execution date : 6/20/2023
Analyst: Rockwell Automation                                         Model revision date: 6/20/2023

Replication ended at time      : 560.69 Minutes 
Base Time Units: Minutes

                                           TALLY VARIABLES

Identifier                                  Average   Half Width  Minimum    Maximum   Observations
___________________________________________________________________________________________________

Xray Baggage Check.WaitCostPerEntity        .00000     (Insuf)    .00000     .00000        235    
Additional Security Check.VACostPerEntity   .09408     (Insuf)    .05770     .13736         19    
Additional Security Check.TotalCostPerEnti  .09408     (Insuf)    .05770     .13736         19    
Additional Security Check.TotalTimePerEnti  5.6507     (Insuf)    3.4617     8.2417         19    
Xray Baggage Check.TotalCostPerEntity       .11918     (Insuf)    .05601     .22638        235    
Additional Security Check.VATimePerEntity   5.6450     (Insuf)    3.4617     8.2417         19    
Additional Security Check.WaitCostPerEntit  .00000     (Insuf)    .00000     .00000         19    
Check for Proper Identification.TotalCostP  .02919     (Insuf)    .01311     .04838        247    
Check for Proper Identification.TotalTimeP  1.8794     (Insuf)    .78635     3.6902        247    
Additional Security Check.WaitTimePerEntit  .00571     (Insuf)    .00000     .10548         19    
Check for Proper Identification.WaitTimePe  .12820     (Insuf)    .00000     2.2337        247    
Check for Proper Identification.WaitCostPe  .00000     (Insuf)    .00000     .00000        247    
Check for Proper Identification.VACostPerE  .02919     (Insuf)    .01311     .04838        247    
Xray Baggage Check.VACostPerEntity          .11918     (Insuf)    .05601     .22638        235    
Xray Baggage Check.VATimePerEntity          3.5755     (Insuf)    1.6801     6.7914        235    
Check for Proper Identification.VATimePerE  1.7512     (Insuf)    .78635     2.9030        247    
Xray Baggage Check.TotalTimePerEntity       3.8399     (Insuf)    1.6801     9.4177        235    
Xray Baggage Check.WaitTimePerEntity        .26443     (Insuf)    .00000     3.4107        235    
Entity 1.VATime                             5.6176     (Insuf)    1.0184     12.922        245    
Entity 1.NVATime                            .00000     (Insuf)    .00000     .00000        245    
Entity 1.WaitTime                           .38333     (Insuf)    .00000     4.0259        245    
Entity 1.TranTime                           .00000     (Insuf)    .00000     .00000        245    
Entity 1.OtherTime                          .00000     (Insuf)    .00000     .00000        245    
Entity 1.TotalTime                          6.0009     (Insuf)    1.4575     13.112        245    
Entity 1.VACost                             .15079     (Insuf)    .01697     .28158        245    
Entity 1.NVACost                            .00000     (Insuf)    .00000     .00000        245    
Entity 1.WaitCost                           .00000     (Insuf)    .00000     .00000        245    
Entity 1.TranCost                           .00000     (Insuf)    .00000     .00000        245    
Entity 1.OtherCost                          .00000     (Insuf)    .00000     .00000        245    
Entity 1.TotalCost                          .15079     (Insuf)    .01697     .28158        245    
Additional Security Check.Queue.WaitingTim  .00571     (Insuf)    .00000     .10548         19    
Additional Security Check.Queue.WaitingCos  .00000     (Insuf)    .00000     .00000         19    
Xray Baggage Check.Queue.WaitingTime        .26553     (Insuf)    .00000     3.4107        237    
Xray Baggage Check.Queue.WaitingCost        .00000     (Insuf)    .00000     .00000        237    
Check for Proper Identification.Queue.Wait  .12820     (Insuf)    .00000     2.2337        247    
Check for Proper Identification.Queue.Wait  .00000     (Insuf)    .00000     .00000        247    

                                     DISCRETE-CHANGE VARIABLES

Identifier                                  Average   Half Width  Minimum    Maximum   Final Value
___________________________________________________________________________________________________

Entity 1.WIP                                2.6343     .15056     .00000     5.0000     2.0000    
Xray Machine.NumberBusy                     1.5026     (Corr)     .00000     2.0000     2.0000    
Xray Machine.NumberScheduled                2.0000     (Insuf)    2.0000     2.0000     2.0000    
Xray Machine.Utilization                    .75134     (Corr)     .00000     1.0000     1.0000    
Secondary Screening Kit.NumberBusy          .00000     (Insuf)    .00000     .00000     .00000    
Secondary Screening Kit.NumberScheduled     1.0000     (Insuf)    1.0000     1.0000     1.0000    
Secondary Screening Kit.Utilization         .00000     (Insuf)    .00000     .00000     .00000    
Transportation Security Officer.NumberBusy  2.4654     .08467     .00000     3.0000     2.0000    
Transportation Security Officer.NumberSche  3.0000     (Insuf)    3.0000     3.0000     3.0000    
Transportation Security Officer.Utilizatio  .82181     .02822     .00000     1.0000     .66667    
Additional Security Check.Queue.NumberInQu   1.9340E-4 (Insuf)    .00000     1.0000     .00000    
Xray Baggage Check.Queue.NumberInQueue      .11224     (Insuf)    .00000     2.0000     .00000    
Check for Proper Identification.Queue.Numb  .05648     (Insuf)    .00000     1.0000     .00000    

                                             OUTPUTS

Identifier                                   Value
_____________________________________________________________

Xray Baggage Check Total Accum Time         902.38    
Check for Proper Identification Accum VA C  7.2093    
Xray Baggage Check Number Out               235.00    
Check for Proper Identification Accum VA T  432.55    
Xray Baggage Check Accum Wait Cost          .00000    
Xray Baggage Check Accum Wait Time          62.141    
Check for Proper Identification Number Out  247.00    
Check for Proper Identification Total Accu  7.2093    
Additional Security Check Accum VA Time     107.25    
Additional Security Check Accum VA Cost     1.7875    
Additional Security Check Accum Wait Cost   .00000    
Additional Security Check Accum Wait Time   .10844    
Additional Security Check Total Accum Time  107.36    
Additional Security Check Total Accum Cost  1.7875    
Check for Proper Identification Accum Wait  31.666    
Check for Proper Identification Accum Wait  .00000    
Check for Proper Identification Number In   247.00    
Xray Baggage Check Accum VA Time            840.24    
Check for Proper Identification Total Accu  464.22    
Additional Security Check Number In         19.000    
Xray Baggage Check Accum VA Cost            28.008    
Additional Security Check Number Out        19.000    
Xray Baggage Check Total Accum Cost         28.008    
Xray Baggage Check Number In                237.00    
Entity 1.NumberIn                           247.00    
Entity 1.NumberOut                          245.00    
Xray Machine.NumberSeized                   237.00    
Xray Machine.ScheduledUtilization           .75134    
Xray Machine.BusyCost                       14.004    
Xray Machine.IdleCost                       4.6474    
Xray Machine.UsageCost                      .00000    
Secondary Screening Kit.NumberSeized        .00000    
Secondary Screening Kit.ScheduledUtilizati  .00000    
Secondary Screening Kit.BusyCost            .00000    
Secondary Screening Kit.IdleCost            9.3448    
Secondary Screening Kit.UsageCost           .00000    
Transportation Security Officer.NumberSeiz  503.00    
Transportation Security Officer.ScheduledU  .82181    
Transportation Security Officer.BusyCost    23.001    
Transportation Security Officer.IdleCost    4.9953    
Transportation Security Officer.UsageCost   .00000    
All Entities.VACost                         37.005    
All Entities.NVACost                        .00000    
All Entities.WaitCost                       .00000    
All Entities.TranCost                       .00000    
All Entities.OtherCost                      .00000    
All Entities.TotalCost                      37.005    
All Resources.BusyCost                      37.005    
All Resources.IdleCost                      18.987    
All Resources.UsageCost                     .00000    
All Resources.TotalCost                     55.992    
System.TotalCost                            55.992    
System.NumberOut                            245.00    

